<?xml version="1.0" encoding="UTF-8"?>
<coverage generated="1583414100011" clover="3.2.0">
  <project timestamp="1583414100011" name="All files">
    <metrics statements="19" coveredstatements="19" conditionals="4" coveredconditionals="4" methods="7" coveredmethods="7" elements="30" coveredelements="30" complexity="0" loc="19" ncloc="19" packages="1" files="1" classes="1"/>
    <file name="index.js" path="/Users/aleksejkarlov/Desktop/backend-project-lvl2/src/index.js">
      <metrics statements="19" coveredstatements="19" conditionals="4" coveredconditionals="4" methods="7" coveredmethods="7"/>
      <line num="5" count="1" type="stmt"/>
      <line num="6" count="1" type="stmt"/>
      <line num="7" count="1" type="stmt"/>
      <line num="8" count="1" type="stmt"/>
      <line num="9" count="1" type="stmt"/>
      <line num="10" count="4" type="stmt"/>
      <line num="11" count="3" type="stmt"/>
      <line num="12" count="3" type="stmt"/>
      <line num="13" count="1" type="stmt"/>
      <line num="14" count="2" type="stmt"/>
      <line num="18" count="1" type="stmt"/>
      <line num="19" count="1" type="stmt"/>
      <line num="23" count="1" type="stmt"/>
      <line num="24" count="2" type="cond" truecount="2" falsecount="0"/>
      <line num="25" count="1" type="stmt"/>
      <line num="26" count="1" type="stmt"/>
      <line num="28" count="2" type="cond" truecount="2" falsecount="0"/>
      <line num="29" count="1" type="stmt"/>
      <line num="32" count="1" type="stmt"/>
    </file>
  </project>
</coverage>
