<?xml version="1.0" encoding="UTF-8"?>
<coverage generated="1587733975492" clover="3.2.0">
  <project timestamp="1587733975492" name="All files">
    <metrics statements="17" coveredstatements="17" conditionals="6" coveredconditionals="6" methods="4" coveredmethods="4" elements="27" coveredelements="27" complexity="0" loc="17" ncloc="17" packages="1" files="2" classes="2"/>
    <file name="index.js" path="/Users/aleksejkarlov/Desktop/backend-project-lvl2/src/index.js">
      <metrics statements="15" coveredstatements="15" conditionals="6" coveredconditionals="6" methods="3" coveredmethods="3"/>
      <line num="7" count="1" type="stmt"/>
      <line num="8" count="10" type="cond" truecount="2" falsecount="0"/>
      <line num="9" count="2" type="stmt"/>
      <line num="11" count="8" type="cond" truecount="2" falsecount="0"/>
      <line num="12" count="4" type="stmt"/>
      <line num="14" count="4" type="cond" truecount="2" falsecount="0"/>
      <line num="15" count="2" type="stmt"/>
      <line num="17" count="2" type="stmt"/>
      <line num="21" count="2" type="stmt"/>
      <line num="22" count="2" type="stmt"/>
      <line num="23" count="2" type="stmt"/>
      <line num="24" count="2" type="stmt"/>
      <line num="25" count="2" type="stmt"/>
      <line num="26" count="10" type="stmt"/>
      <line num="27" count="2" type="stmt"/>
    </file>
    <file name="parsers.js" path="/Users/aleksejkarlov/Desktop/backend-project-lvl2/src/parsers.js">
      <metrics statements="2" coveredstatements="2" conditionals="0" coveredconditionals="0" methods="1" coveredmethods="1"/>
      <line num="4" count="1" type="stmt"/>
      <line num="9" count="4" type="stmt"/>
    </file>
  </project>
</coverage>
