{"/Users/aleksejkarlov/Desktop/backend-project-lvl2/src/index.js": {"path":"/Users/aleksejkarlov/Desktop/backend-project-lvl2/src/index.js","statementMap":{"0":{"start":{"line":5,"column":17},"end":{"line":5,"column":19}},"1":{"start":{"line":6,"column":24},"end":{"line":6,"column":72}},"2":{"start":{"line":7,"column":23},"end":{"line":7,"column":70}},"3":{"start":{"line":8,"column":21},"end":{"line":8,"column":47}},"4":{"start":{"line":9,"column":20},"end":{"line":9,"column":45}},"5":{"start":{"line":10,"column":22},"end":{"line":10,"column":74}},"6":{"start":{"line":10,"column":49},"end":{"line":10,"column":73}},"7":{"start":{"line":11,"column":21},"end":{"line":11,"column":73}},"8":{"start":{"line":11,"column":47},"end":{"line":11,"column":72}},"9":{"start":{"line":12,"column":27},"end":{"line":12,"column":78}},"10":{"start":{"line":12,"column":53},"end":{"line":12,"column":77}},"11":{"start":{"line":13,"column":2},"end":{"line":15,"column":5}},"12":{"start":{"line":14,"column":4},"end":{"line":14,"column":44}},"13":{"start":{"line":18,"column":2},"end":{"line":20,"column":5}},"14":{"start":{"line":19,"column":4},"end":{"line":19,"column":43}},"15":{"start":{"line":23,"column":2},"end":{"line":31,"column":5}},"16":{"start":{"line":24,"column":4},"end":{"line":27,"column":5}},"17":{"start":{"line":25,"column":6},"end":{"line":25,"column":45}},"18":{"start":{"line":26,"column":6},"end":{"line":26,"column":46}},"19":{"start":{"line":28,"column":4},"end":{"line":30,"column":5}},"20":{"start":{"line":29,"column":6},"end":{"line":29,"column":38}},"21":{"start":{"line":32,"column":2},"end":{"line":32,"column":32}}},"fnMap":{"0":{"name":"(anonymous_0)","decl":{"start":{"line":4,"column":15},"end":{"line":4,"column":16}},"loc":{"start":{"line":4,"column":42},"end":{"line":33,"column":1}},"line":4},"1":{"name":"(anonymous_1)","decl":{"start":{"line":10,"column":40},"end":{"line":10,"column":41}},"loc":{"start":{"line":10,"column":49},"end":{"line":10,"column":73}},"line":10},"2":{"name":"(anonymous_2)","decl":{"start":{"line":11,"column":38},"end":{"line":11,"column":39}},"loc":{"start":{"line":11,"column":47},"end":{"line":11,"column":72}},"line":11},"3":{"name":"(anonymous_3)","decl":{"start":{"line":12,"column":44},"end":{"line":12,"column":45}},"loc":{"start":{"line":12,"column":53},"end":{"line":12,"column":77}},"line":12},"4":{"name":"(anonymous_4)","decl":{"start":{"line":13,"column":22},"end":{"line":13,"column":23}},"loc":{"start":{"line":13,"column":31},"end":{"line":15,"column":3}},"line":13},"5":{"name":"(anonymous_5)","decl":{"start":{"line":18,"column":21},"end":{"line":18,"column":22}},"loc":{"start":{"line":18,"column":30},"end":{"line":20,"column":3}},"line":18},"6":{"name":"(anonymous_6)","decl":{"start":{"line":23,"column":27},"end":{"line":23,"column":28}},"loc":{"start":{"line":23,"column":36},"end":{"line":31,"column":3}},"line":23}},"branchMap":{"0":{"loc":{"start":{"line":24,"column":4},"end":{"line":27,"column":5}},"type":"if","locations":[{"start":{"line":24,"column":4},"end":{"line":27,"column":5}},{"start":{"line":24,"column":4},"end":{"line":27,"column":5}}],"line":24},"1":{"loc":{"start":{"line":28,"column":4},"end":{"line":30,"column":5}},"type":"if","locations":[{"start":{"line":28,"column":4},"end":{"line":30,"column":5}},{"start":{"line":28,"column":4},"end":{"line":30,"column":5}}],"line":28}},"s":{"0":1,"1":1,"2":1,"3":1,"4":1,"5":1,"6":4,"7":1,"8":3,"9":1,"10":3,"11":1,"12":2,"13":1,"14":1,"15":1,"16":2,"17":1,"18":1,"19":2,"20":1,"21":1},"f":{"0":1,"1":4,"2":3,"3":3,"4":2,"5":1,"6":2},"b":{"0":[1,1],"1":[1,1]},"_coverageSchema":"1a1c01bbd47fc00a2c39e90264f33305004495a9","hash":"2ea5ec511c528d5357b318fc0cd94c3fc5f5d967"}
}
