{"/Users/aleksejkarlov/Desktop/backend-project-lvl2/src/index.js": {"path":"/Users/aleksejkarlov/Desktop/backend-project-lvl2/src/index.js","statementMap":{"0":{"start":{"line":7,"column":23},"end":{"line":18,"column":1}},"1":{"start":{"line":8,"column":2},"end":{"line":10,"column":3}},"2":{"start":{"line":9,"column":4},"end":{"line":9,"column":39}},"3":{"start":{"line":11,"column":2},"end":{"line":13,"column":3}},"4":{"start":{"line":12,"column":4},"end":{"line":12,"column":40}},"5":{"start":{"line":14,"column":2},"end":{"line":16,"column":3}},"6":{"start":{"line":15,"column":4},"end":{"line":15,"column":39}},"7":{"start":{"line":17,"column":2},"end":{"line":17,"column":65}},"8":{"start":{"line":21,"column":24},"end":{"line":21,"column":87}},"9":{"start":{"line":22,"column":23},"end":{"line":22,"column":84}},"10":{"start":{"line":23,"column":21},"end":{"line":23,"column":47}},"11":{"start":{"line":24,"column":20},"end":{"line":24,"column":45}},"12":{"start":{"line":25,"column":19},"end":{"line":26,"column":63}},"13":{"start":{"line":26,"column":16},"end":{"line":26,"column":62}},"14":{"start":{"line":27,"column":2},"end":{"line":27,"column":40}}},"fnMap":{"0":{"name":"(anonymous_0)","decl":{"start":{"line":7,"column":23},"end":{"line":7,"column":24}},"loc":{"start":{"line":7,"column":47},"end":{"line":18,"column":1}},"line":7},"1":{"name":"(anonymous_1)","decl":{"start":{"line":20,"column":15},"end":{"line":20,"column":16}},"loc":{"start":{"line":20,"column":50},"end":{"line":28,"column":1}},"line":20},"2":{"name":"(anonymous_2)","decl":{"start":{"line":26,"column":9},"end":{"line":26,"column":10}},"loc":{"start":{"line":26,"column":16},"end":{"line":26,"column":62}},"line":26}},"branchMap":{"0":{"loc":{"start":{"line":8,"column":2},"end":{"line":10,"column":3}},"type":"if","locations":[{"start":{"line":8,"column":2},"end":{"line":10,"column":3}},{"start":{"line":8,"column":2},"end":{"line":10,"column":3}}],"line":8},"1":{"loc":{"start":{"line":11,"column":2},"end":{"line":13,"column":3}},"type":"if","locations":[{"start":{"line":11,"column":2},"end":{"line":13,"column":3}},{"start":{"line":11,"column":2},"end":{"line":13,"column":3}}],"line":11},"2":{"loc":{"start":{"line":14,"column":2},"end":{"line":16,"column":3}},"type":"if","locations":[{"start":{"line":14,"column":2},"end":{"line":16,"column":3}},{"start":{"line":14,"column":2},"end":{"line":16,"column":3}}],"line":14}},"s":{"0":1,"1":10,"2":2,"3":8,"4":4,"5":4,"6":2,"7":2,"8":2,"9":2,"10":2,"11":2,"12":2,"13":10,"14":2},"f":{"0":10,"1":2,"2":10},"b":{"0":[2,8],"1":[4,4],"2":[2,2]},"_coverageSchema":"1a1c01bbd47fc00a2c39e90264f33305004495a9","hash":"3107b70d59357fdf5ecfbc913652f5e6eb3c0cbd"}
,"/Users/aleksejkarlov/Desktop/backend-project-lvl2/src/parsers.js": {"path":"/Users/aleksejkarlov/Desktop/backend-project-lvl2/src/parsers.js","statementMap":{"0":{"start":{"line":4,"column":16},"end":{"line":7,"column":1}},"1":{"start":{"line":9,"column":34},"end":{"line":9,"column":70}}},"fnMap":{"0":{"name":"(anonymous_0)","decl":{"start":{"line":9,"column":15},"end":{"line":9,"column":16}},"loc":{"start":{"line":9,"column":34},"end":{"line":9,"column":70}},"line":9}},"branchMap":{},"s":{"0":1,"1":4},"f":{"0":4},"b":{},"_coverageSchema":"1a1c01bbd47fc00a2c39e90264f33305004495a9","hash":"1a169367004bc09a9d5ad766259a10e949303c55"}
}
