TN:
SF:src/index.js
FN:7,(anonymous_0)
FN:20,(anonymous_1)
FN:26,(anonymous_2)
FNF:3
FNH:3
FNDA:10,(anonymous_0)
FNDA:2,(anonymous_1)
FNDA:10,(anonymous_2)
DA:7,1
DA:8,10
DA:9,2
DA:11,8
DA:12,4
DA:14,4
DA:15,2
DA:17,2
DA:21,2
DA:22,2
DA:23,2
DA:24,2
DA:25,2
DA:26,10
DA:27,2
LF:15
LH:15
BRDA:8,0,0,2
BRDA:8,0,1,8
BRDA:11,1,0,4
BRDA:11,1,1,4
BRDA:14,2,0,2
BRDA:14,2,1,2
BRF:6
BRH:6
end_of_record
TN:
SF:src/parsers.js
FN:9,(anonymous_0)
FNF:1
FNH:1
FNDA:4,(anonymous_0)
DA:4,1
DA:9,4
LF:2
LH:2
BRF:0
BRH:0
end_of_record
